


ARM Macro Assembler    Page 1 


    1 00000000         ;******************** (C) COPYRIGHT 2011 STMicroelectron
                       ics ********************
    2 00000000         ;* File Name          : startup_stm32f2xx.s
    3 00000000         ;* Author             : MCD Application Team
    4 00000000         ;* Version            : V1.0.0
    5 00000000         ;* Date               : 18-April-2011
    6 00000000         ;* Description        : STM32F2xx devices vector table f
                       or MDK-ARM toolchain. 
    7 00000000         ;*                      This module performs:
    8 00000000         ;*                      - Set the initial SP
    9 00000000         ;*                      - Set the initial PC == Reset_Ha
                       ndler
   10 00000000         ;*                      - Set the vector table entries w
                       ith the exceptions ISR address
   11 00000000         ;*                      - Branches to __main in the C li
                       brary (which eventually
   12 00000000         ;*                        calls main()).
   13 00000000         ;*                      After Reset the CortexM3 process
                       or is in Thread mode,
   14 00000000         ;*                      priority is Privileged, and the 
                       Stack is set to Main.
   15 00000000         ;* <<< Use Configuration Wizard in Context Menu >>>   
   16 00000000         ;*******************************************************
                       ************************
   17 00000000         ; THE PRESENT FIRMWARE WHICH IS FOR GUIDANCE ONLY AIMS A
                       T PROVIDING CUSTOMERS
   18 00000000         ; WITH CODING INFORMATION REGARDING THEIR PRODUCTS IN OR
                       DER FOR THEM TO SAVE TIME.
   19 00000000         ; AS A RESULT, STMICROELECTRONICS SHALL NOT BE HELD LIAB
                       LE FOR ANY DIRECT,
   20 00000000         ; INDIRECT OR CONSEQUENTIAL DAMAGES WITH RESPECT TO ANY 
                       CLAIMS ARISING FROM THE
   21 00000000         ; CONTENT OF SUCH FIRMWARE AND/OR THE USE MADE BY CUSTOM
                       ERS OF THE CODING
   22 00000000         ; INFORMATION CONTAINED HEREIN IN CONNECTION WITH THEIR 
                       PRODUCTS.
   23 00000000         ;*******************************************************
                       ************************
   24 00000000         
   25 00000000         ; Amount of memory (in bytes) allocated for Stack
   26 00000000         ; Tailor this value to your application needs
   27 00000000         ; <h> Stack Configuration
   28 00000000         ;   <o> Stack Size (in Bytes) <0x0-0xFFFFFFFF:8>
   29 00000000         ; </h>
   30 00000000         
   31 00000000 00007800 
                       Stack_Size
                               EQU              0x00007800
   32 00000000         
   33 00000000                 AREA             STACK, NOINIT, READWRITE, ALIGN
=3
   34 00000000         Stack_Mem
                               SPACE            Stack_Size
   35 00007800         __initial_sp
   36 00007800         
   37 00007800 20000400 
                       __initial_spTop
                               EQU              0x20000400  ; stack used for Sy
                                                            stemInit & SystemIn



ARM Macro Assembler    Page 2 


                                                            it_ExtMemCtl
   38 00007800         
   39 00007800         ; <h> Heap Configuration
   40 00007800         ;   <o>  Heap Size (in Bytes) <0x0-0xFFFFFFFF:8>
   41 00007800         ; </h>
   42 00007800         
   43 00007800 00002800 
                       Heap_Size
                               EQU              0x00002800
   44 00007800         
   45 00007800                 AREA             HEAP, NOINIT, READWRITE, ALIGN=
3
   46 00000000         __heap_base
   47 00000000         Heap_Mem
                               SPACE            Heap_Size
   48 00002800         __heap_limit
   49 00002800         
   50 00002800                 PRESERVE8
   51 00002800                 THUMB
   52 00002800         
   53 00002800         
   54 00002800         ; Vector Table Mapped to Address 0 at Reset
   55 00002800                 AREA             RESET, DATA, READONLY
   56 00000000                 EXPORT           __Vectors
   57 00000000                 EXPORT           __Vectors_End
   58 00000000                 EXPORT           __Vectors_Size
   59 00000000         
   60 00000000 20000400 
                       __Vectors
                               DCD              __initial_spTop ; use internal 
                                                            RAM for stack for c
                                                            alling SystemInit
   61 00000004 00000000        DCD              Reset_Handler ; Reset Handler
   62 00000008 00000000        DCD              NMI_Handler ; NMI Handler
   63 0000000C 00000000        DCD              HardFault_Handler ; Hard Fault 
                                                            Handler
   64 00000010 00000000        DCD              MemManage_Handler 
                                                            ; MPU Fault Handler
                                                            
   65 00000014 00000000        DCD              BusFault_Handler 
                                                            ; Bus Fault Handler
                                                            
   66 00000018 00000000        DCD              UsageFault_Handler ; Usage Faul
                                                            t Handler
   67 0000001C 00000000        DCD              0           ; Reserved
   68 00000020 00000000        DCD              0           ; Reserved
   69 00000024 00000000        DCD              0           ; Reserved
   70 00000028 00000000        DCD              0           ; Reserved
   71 0000002C 00000000        DCD              SVC_Handler ; SVCall Handler
   72 00000030 00000000        DCD              DebugMon_Handler ; Debug Monito
                                                            r Handler
   73 00000034 00000000        DCD              0           ; Reserved
   74 00000038 00000000        DCD              PendSV_Handler ; PendSV Handler
                                                            
   75 0000003C 00000000        DCD              SysTick_Handler 
                                                            ; SysTick Handler
   76 00000040         
   77 00000040         ; External Interrupts
   78 00000040 00000000        DCD              WWDG_IRQHandler ; Window WatchD



ARM Macro Assembler    Page 3 


                                                            og                 
                                                                               
                                                                
   79 00000044 00000000        DCD              PVD_IRQHandler ; PVD through EX
                                                            TI Line detection  
                                                                               
                                                               
   80 00000048 00000000        DCD              TAMP_STAMP_IRQHandler ; Tamper 
                                                            and TimeStamps thro
                                                            ugh the EXTI line  
                                                                      
   81 0000004C 00000000        DCD              RTC_WKUP_IRQHandler ; RTC Wakeu
                                                            p through the EXTI 
                                                            line               
                                                                    
   82 00000050 00000000        DCD              FLASH_IRQHandler ; FLASH       
                                                                               
                                                                             
   83 00000054 00000000        DCD              RCC_IRQHandler ; RCC           
                                                                               
                                                                           
   84 00000058 00000000        DCD              EXTI0_IRQHandler ; EXTI Line0  
                                                                               
                                                                               
                                                                 
   85 0000005C 00000000        DCD              EXTI1_IRQHandler ; EXTI Line1  
                                                                               
                                                                               
                                                                 
   86 00000060 00000000        DCD              EXTI2_IRQHandler ; EXTI Line2  
                                                                               
                                                                               
                                                                 
   87 00000064 00000000        DCD              EXTI3_IRQHandler ; EXTI Line3  
                                                                               
                                                                               
                                                                 
   88 00000068 00000000        DCD              EXTI4_IRQHandler ; EXTI Line4  
                                                                               
                                                                               
                                                                 
   89 0000006C 00000000        DCD              DMA1_Stream0_IRQHandler ; DMA1 
                                                            Stream 0           
                                                                               
                                                                 
   90 00000070 00000000        DCD              DMA1_Stream1_IRQHandler ; DMA1 
                                                            Stream 1           
                                                                               
                                                                 
   91 00000074 00000000        DCD              DMA1_Stream2_IRQHandler ; DMA1 
                                                            Stream 2           
                                                                               
                                                                 
   92 00000078 00000000        DCD              DMA1_Stream3_IRQHandler ; DMA1 
                                                            Stream 3           
                                                                               
                                                                 
   93 0000007C 00000000        DCD              DMA1_Stream4_IRQHandler ; DMA1 
                                                            Stream 4           



ARM Macro Assembler    Page 4 


                                                                               
                                                                 
   94 00000080 00000000        DCD              DMA1_Stream5_IRQHandler ; DMA1 
                                                            Stream 5           
                                                                               
                                                                 
   95 00000084 00000000        DCD              DMA1_Stream6_IRQHandler ; DMA1 
                                                            Stream 6           
                                                                               
                                                                 
   96 00000088 00000000        DCD              ADC_IRQHandler ; ADC1, ADC2 and
                                                             ADC3s             
                                                                           
   97 0000008C 00000000        DCD              CAN1_TX_IRQHandler ; CAN1 TX   
                                                                               
                                                                               
                                                                   
   98 00000090 00000000        DCD              CAN1_RX0_IRQHandler ; CAN1 RX0 
                                                                               
                                                                               
                                                                    
   99 00000094 00000000        DCD              CAN1_RX1_IRQHandler ; CAN1 RX1 
                                                                               
                                                                               
                                                                    
  100 00000098 00000000        DCD              CAN1_SCE_IRQHandler ; CAN1 SCE 
                                                                               
                                                                               
                                                                    
  101 0000009C 00000000        DCD              EXTI9_5_IRQHandler ; External L
                                                            ine[9:5]s          
                                                                               
                                                                   
  102 000000A0 00000000        DCD              TIM1_BRK_TIM9_IRQHandler ; TIM1
                                                             Break and TIM9    
                                                                           
  103 000000A4 00000000        DCD              TIM1_UP_TIM10_IRQHandler ; TIM1
                                                             Update and TIM10  
                                                                           
  104 000000A8 00000000        DCD              TIM1_TRG_COM_TIM11_IRQHandler ;
                                                             TIM1 Trigger and C
                                                            ommutation and TIM1
                                                            1
  105 000000AC 00000000        DCD              TIM1_CC_IRQHandler ; TIM1 Captu
                                                            re Compare         
                                                                               
                                                                   
  106 000000B0 00000000        DCD              TIM2_IRQHandler ; TIM2         
                                                                               
                                                                            
  107 000000B4 00000000        DCD              TIM3_IRQHandler ; TIM3         
                                                                               
                                                                            
  108 000000B8 00000000        DCD              TIM4_IRQHandler ; TIM4         
                                                                               
                                                                            
  109 000000BC 00000000        DCD              I2C1_EV_IRQHandler ; I2C1 Event
                                                                               
                                                                               



ARM Macro Assembler    Page 5 


                                                                   
  110 000000C0 00000000        DCD              I2C1_ER_IRQHandler ; I2C1 Error
                                                                               
                                                                               
                                                                   
  111 000000C4 00000000        DCD              I2C2_EV_IRQHandler ; I2C2 Event
                                                                               
                                                                               
                                                                   
  112 000000C8 00000000        DCD              I2C2_ER_IRQHandler ; I2C2 Error
                                                                               
                                                                               
                                                                     
  113 000000CC 00000000        DCD              SPI1_IRQHandler ; SPI1         
                                                                               
                                                                            
  114 000000D0 00000000        DCD              SPI2_IRQHandler ; SPI2         
                                                                               
                                                                            
  115 000000D4 00000000        DCD              USART1_IRQHandler ; USART1     
                                                                               
                                                                              
  116 000000D8 00000000        DCD              USART2_IRQHandler ; USART2     
                                                                               
                                                                              
  117 000000DC 00000000        DCD              USART3_IRQHandler ; USART3     
                                                                               
                                                                              
  118 000000E0 00000000        DCD              EXTI15_10_IRQHandler ; External
                                                             Line[15:10]s      
                                                                               
                                                                     
  119 000000E4 00000000        DCD              RTC_Alarm_IRQHandler ; RTC Alar
                                                            m (A and B) through
                                                             EXTI Line         
                                                                     
  120 000000E8 00000000        DCD              OTG_FS_WKUP_IRQHandler ; USB OT
                                                            G FS Wakeup through
                                                             EXTI line         
                                                                           
  121 000000EC 00000000        DCD              TIM8_BRK_TIM12_IRQHandler ; TIM
                                                            8 Break and TIM12  
                                                                            
  122 000000F0 00000000        DCD              TIM8_UP_TIM13_IRQHandler ; TIM8
                                                             Update and TIM13  
                                                                           
  123 000000F4 00000000        DCD              TIM8_TRG_COM_TIM14_IRQHandler ;
                                                             TIM8 Trigger and C
                                                            ommutation and TIM1
                                                            4
  124 000000F8 00000000        DCD              TIM8_CC_IRQHandler ; TIM8 Captu
                                                            re Compare         
                                                                               
                                                                   
  125 000000FC 00000000        DCD              DMA1_Stream7_IRQHandler ; DMA1 
                                                            Stream7            
                                                                               
                                                                        
  126 00000100 00000000        DCD              FSMC_IRQHandler ; FSMC         



ARM Macro Assembler    Page 6 


                                                                               
                                                                            
  127 00000104 00000000        DCD              SDIO_IRQHandler ; SDIO         
                                                                               
                                                                            
  128 00000108 00000000        DCD              TIM5_IRQHandler ; TIM5         
                                                                               
                                                                            
  129 0000010C 00000000        DCD              SPI3_IRQHandler ; SPI3         
                                                                               
                                                                            
  130 00000110 00000000        DCD              UART4_IRQHandler ; UART4       
                                                                               
                                                                             
  131 00000114 00000000        DCD              UART5_IRQHandler ; UART5       
                                                                               
                                                                             
  132 00000118 00000000        DCD              TIM6_DAC_IRQHandler ; TIM6 and 
                                                            DAC1&2 underrun err
                                                            ors                
                                                               
  133 0000011C 00000000        DCD              TIM7_IRQHandler ; TIM7         
                                                                      
  134 00000120 00000000        DCD              DMA2_Stream0_IRQHandler ; DMA2 
                                                            Stream 0           
                                                                               
                                                                 
  135 00000124 00000000        DCD              DMA2_Stream1_IRQHandler ; DMA2 
                                                            Stream 1           
                                                                               
                                                                 
  136 00000128 00000000        DCD              DMA2_Stream2_IRQHandler ; DMA2 
                                                            Stream 2           
                                                                               
                                                                 
  137 0000012C 00000000        DCD              DMA2_Stream3_IRQHandler ; DMA2 
                                                            Stream 3           
                                                                               
                                                                 
  138 00000130 00000000        DCD              DMA2_Stream4_IRQHandler ; DMA2 
                                                            Stream 4           
                                                                               
                                                                 
  139 00000134 00000000        DCD              ETH_IRQHandler ; Ethernet      
                                                                               
                                                                           
  140 00000138 00000000        DCD              ETH_WKUP_IRQHandler ; Ethernet 
                                                            Wakeup through EXTI
                                                             line              
                                                                    
  141 0000013C 00000000        DCD              CAN2_TX_IRQHandler ; CAN2 TX   
                                                                               
                                                                               
                                                                   
  142 00000140 00000000        DCD              CAN2_RX0_IRQHandler ; CAN2 RX0 
                                                                               
                                                                               
                                                                    
  143 00000144 00000000        DCD              CAN2_RX1_IRQHandler ; CAN2 RX1 



ARM Macro Assembler    Page 7 


                                                                               
                                                                               
                                                                    
  144 00000148 00000000        DCD              CAN2_SCE_IRQHandler ; CAN2 SCE 
                                                                               
                                                                               
                                                                    
  145 0000014C 00000000        DCD              OTG_FS_IRQHandler ; USB OTG FS 
                                                                               
                                                                              
  146 00000150 00000000        DCD              DMA2_Stream5_IRQHandler ; DMA2 
                                                            Stream 5           
                                                                               
                                                                 
  147 00000154 00000000        DCD              DMA2_Stream6_IRQHandler ; DMA2 
                                                            Stream 6           
                                                                               
                                                                 
  148 00000158 00000000        DCD              DMA2_Stream7_IRQHandler ; DMA2 
                                                            Stream 7           
                                                                               
                                                                 
  149 0000015C 00000000        DCD              USART6_IRQHandler ; USART6     
                                                                               
                                                                               
                                                            
  150 00000160 00000000        DCD              I2C3_EV_IRQHandler ; I2C3 event
                                                                               
                                                                               
                                                                   
  151 00000164 00000000        DCD              I2C3_ER_IRQHandler ; I2C3 error
                                                                               
                                                                               
                                                                   
  152 00000168 00000000        DCD              OTG_HS_EP1_OUT_IRQHandler ; USB
                                                             OTG HS End Point 1
                                                             Out               
                                                                   
  153 0000016C 00000000        DCD              OTG_HS_EP1_IN_IRQHandler ; USB 
                                                            OTG HS End Point 1 
                                                            In                 
                                                                  
  154 00000170 00000000        DCD              OTG_HS_WKUP_IRQHandler ; USB OT
                                                            G HS Wakeup through
                                                             EXTI              
                                                                       
  155 00000174 00000000        DCD              OTG_HS_IRQHandler ; USB OTG HS 
                                                                               
                                                                              
  156 00000178 00000000        DCD              DCMI_IRQHandler ; DCMI         
                                                                               
                                                                            
  157 0000017C 00000000        DCD              CRYP_IRQHandler ; CRYP crypto  
                                                                               
                                                                            
  158 00000180 00000000        DCD              HASH_RNG_IRQHandler 
                                                            ; Hash and Rng 
  159 00000184         __Vectors_End
  160 00000184         



ARM Macro Assembler    Page 8 


  161 00000184 00000184 
                       __Vectors_Size
                               EQU              __Vectors_End - __Vectors
  162 00000184         
  163 00000184                 AREA             |.text|, CODE, READONLY
  164 00000000         
  165 00000000         ; Reset handler
  166 00000000         Reset_Handler
                               PROC
  167 00000000                 EXPORT           Reset_Handler             [WEAK
]
  168 00000000                 IMPORT           SystemInit
  169 00000000                 IMPORT           __main
  170 00000000 4808            LDR              R0, =__main
  171 00000002 4780            BLX              R0
  172 00000004 4808            LDR              R0, =__initial_sp ; restore ori
                                                            ginal stack pointer
                                                            
  173 00000006 F380 8808       MSR              MSP, R0
  174 0000000A 4806            LDR              R0, =__main
  175 0000000C 4700            BX               R0
  176 0000000E                 ENDP
  177 0000000E         
  178 0000000E         ; Dummy Exception Handlers (infinite loops which can be 
                       modified)
  179 0000000E         
  180 0000000E         NMI_Handler
                               PROC
  181 0000000E                 EXPORT           NMI_Handler                [WEA
K]
  182 0000000E E7FE            B                .
  183 00000010                 ENDP
  185 00000010         HardFault_Handler
                               PROC
  186 00000010                 EXPORT           HardFault_Handler          [WEA
K]
  187 00000010 E7FE            B                .
  188 00000012                 ENDP
  190 00000012         MemManage_Handler
                               PROC
  191 00000012                 EXPORT           MemManage_Handler          [WEA
K]
  192 00000012 E7FE            B                .
  193 00000014                 ENDP
  195 00000014         BusFault_Handler
                               PROC
  196 00000014                 EXPORT           BusFault_Handler           [WEA
K]
  197 00000014 E7FE            B                .
  198 00000016                 ENDP
  200 00000016         UsageFault_Handler
                               PROC
  201 00000016                 EXPORT           UsageFault_Handler         [WEA
K]
  202 00000016 E7FE            B                .
  203 00000018                 ENDP
  204 00000018         SVC_Handler
                               PROC
  205 00000018                 EXPORT           SVC_Handler                [WEA



ARM Macro Assembler    Page 9 


K]
  206 00000018 E7FE            B                .
  207 0000001A                 ENDP
  209 0000001A         DebugMon_Handler
                               PROC
  210 0000001A                 EXPORT           DebugMon_Handler           [WEA
K]
  211 0000001A E7FE            B                .
  212 0000001C                 ENDP
  213 0000001C         PendSV_Handler
                               PROC
  214 0000001C                 EXPORT           PendSV_Handler             [WEA
K]
  215 0000001C E7FE            B                .
  216 0000001E                 ENDP
  217 0000001E         SysTick_Handler
                               PROC
  218 0000001E                 EXPORT           SysTick_Handler            [WEA
K]
  219 0000001E E7FE            B                .
  220 00000020                 ENDP
  221 00000020         
  222 00000020         Default_Handler
                               PROC
  223 00000020         
  224 00000020                 EXPORT           WWDG_IRQHandler                
   [WEAK]
  225 00000020                 EXPORT           PVD_IRQHandler                 
   [WEAK]
  226 00000020                 EXPORT           TAMP_STAMP_IRQHandler          
   [WEAK]
  227 00000020                 EXPORT           RTC_WKUP_IRQHandler            
   [WEAK]
  228 00000020                 EXPORT           FLASH_IRQHandler               
   [WEAK]
  229 00000020                 EXPORT           RCC_IRQHandler                 
   [WEAK]
  230 00000020                 EXPORT           EXTI0_IRQHandler               
   [WEAK]
  231 00000020                 EXPORT           EXTI1_IRQHandler               
   [WEAK]
  232 00000020                 EXPORT           EXTI2_IRQHandler               
   [WEAK]
  233 00000020                 EXPORT           EXTI3_IRQHandler               
   [WEAK]
  234 00000020                 EXPORT           EXTI4_IRQHandler               
   [WEAK]
  235 00000020                 EXPORT           DMA1_Stream0_IRQHandler        
   [WEAK]
  236 00000020                 EXPORT           DMA1_Stream1_IRQHandler        
   [WEAK]
  237 00000020                 EXPORT           DMA1_Stream2_IRQHandler        
   [WEAK]
  238 00000020                 EXPORT           DMA1_Stream3_IRQHandler        
   [WEAK]
  239 00000020                 EXPORT           DMA1_Stream4_IRQHandler        
   [WEAK]
  240 00000020                 EXPORT           DMA1_Stream5_IRQHandler        
   [WEAK]



ARM Macro Assembler    Page 10 


  241 00000020                 EXPORT           DMA1_Stream6_IRQHandler        
   [WEAK]
  242 00000020                 EXPORT           ADC_IRQHandler                 
   [WEAK]
  243 00000020                 EXPORT           CAN1_TX_IRQHandler             
   [WEAK]
  244 00000020                 EXPORT           CAN1_RX0_IRQHandler            
   [WEAK]
  245 00000020                 EXPORT           CAN1_RX1_IRQHandler            
   [WEAK]
  246 00000020                 EXPORT           CAN1_SCE_IRQHandler            
   [WEAK]
  247 00000020                 EXPORT           EXTI9_5_IRQHandler             
   [WEAK]
  248 00000020                 EXPORT           TIM1_BRK_TIM9_IRQHandler       
   [WEAK]
  249 00000020                 EXPORT           TIM1_UP_TIM10_IRQHandler       
   [WEAK]
  250 00000020                 EXPORT           TIM1_TRG_COM_TIM11_IRQHandler  
   [WEAK]
  251 00000020                 EXPORT           TIM1_CC_IRQHandler             
   [WEAK]
  252 00000020                 EXPORT           TIM2_IRQHandler                
   [WEAK]
  253 00000020                 EXPORT           TIM3_IRQHandler                
   [WEAK]
  254 00000020                 EXPORT           TIM4_IRQHandler                
   [WEAK]
  255 00000020                 EXPORT           I2C1_EV_IRQHandler             
   [WEAK]
  256 00000020                 EXPORT           I2C1_ER_IRQHandler             
   [WEAK]
  257 00000020                 EXPORT           I2C2_EV_IRQHandler             
   [WEAK]
  258 00000020                 EXPORT           I2C2_ER_IRQHandler             
   [WEAK]
  259 00000020                 EXPORT           SPI1_IRQHandler                
   [WEAK]
  260 00000020                 EXPORT           SPI2_IRQHandler                
   [WEAK]
  261 00000020                 EXPORT           USART1_IRQHandler              
   [WEAK]
  262 00000020                 EXPORT           USART2_IRQHandler              
   [WEAK]
  263 00000020                 EXPORT           USART3_IRQHandler              
   [WEAK]
  264 00000020                 EXPORT           EXTI15_10_IRQHandler           
   [WEAK]
  265 00000020                 EXPORT           RTC_Alarm_IRQHandler           
   [WEAK]
  266 00000020                 EXPORT           OTG_FS_WKUP_IRQHandler         
   [WEAK]
  267 00000020                 EXPORT           TIM8_BRK_TIM12_IRQHandler      
   [WEAK]
  268 00000020                 EXPORT           TIM8_UP_TIM13_IRQHandler       
   [WEAK]
  269 00000020                 EXPORT           TIM8_TRG_COM_TIM14_IRQHandler  
   [WEAK]
  270 00000020                 EXPORT           TIM8_CC_IRQHandler             



ARM Macro Assembler    Page 11 


   [WEAK]
  271 00000020                 EXPORT           DMA1_Stream7_IRQHandler        
   [WEAK]
  272 00000020                 EXPORT           FSMC_IRQHandler                
   [WEAK]
  273 00000020                 EXPORT           SDIO_IRQHandler                
   [WEAK]
  274 00000020                 EXPORT           TIM5_IRQHandler                
   [WEAK]
  275 00000020                 EXPORT           SPI3_IRQHandler                
   [WEAK]
  276 00000020                 EXPORT           UART4_IRQHandler               
   [WEAK]
  277 00000020                 EXPORT           UART5_IRQHandler               
   [WEAK]
  278 00000020                 EXPORT           TIM6_DAC_IRQHandler            
   [WEAK]
  279 00000020                 EXPORT           TIM7_IRQHandler                
   [WEAK]
  280 00000020                 EXPORT           DMA2_Stream0_IRQHandler        
   [WEAK]
  281 00000020                 EXPORT           DMA2_Stream1_IRQHandler        
   [WEAK]
  282 00000020                 EXPORT           DMA2_Stream2_IRQHandler        
   [WEAK]
  283 00000020                 EXPORT           DMA2_Stream3_IRQHandler        
   [WEAK]
  284 00000020                 EXPORT           DMA2_Stream4_IRQHandler        
   [WEAK]
  285 00000020                 EXPORT           ETH_IRQHandler                 
   [WEAK]
  286 00000020                 EXPORT           ETH_WKUP_IRQHandler            
   [WEAK]
  287 00000020                 EXPORT           CAN2_TX_IRQHandler             
   [WEAK]
  288 00000020                 EXPORT           CAN2_RX0_IRQHandler            
   [WEAK]
  289 00000020                 EXPORT           CAN2_RX1_IRQHandler            
   [WEAK]
  290 00000020                 EXPORT           CAN2_SCE_IRQHandler            
   [WEAK]
  291 00000020                 EXPORT           OTG_FS_IRQHandler              
   [WEAK]
  292 00000020                 EXPORT           DMA2_Stream5_IRQHandler        
   [WEAK]
  293 00000020                 EXPORT           DMA2_Stream6_IRQHandler        
   [WEAK]
  294 00000020                 EXPORT           DMA2_Stream7_IRQHandler        
   [WEAK]
  295 00000020                 EXPORT           USART6_IRQHandler              
   [WEAK]
  296 00000020                 EXPORT           I2C3_EV_IRQHandler             
   [WEAK]
  297 00000020                 EXPORT           I2C3_ER_IRQHandler             
   [WEAK]
  298 00000020                 EXPORT           OTG_HS_EP1_OUT_IRQHandler      
   [WEAK]
  299 00000020                 EXPORT           OTG_HS_EP1_IN_IRQHandler       
   [WEAK]



ARM Macro Assembler    Page 12 


  300 00000020                 EXPORT           OTG_HS_WKUP_IRQHandler         
   [WEAK]
  301 00000020                 EXPORT           OTG_HS_IRQHandler              
   [WEAK]
  302 00000020                 EXPORT           DCMI_IRQHandler                
   [WEAK]
  303 00000020                 EXPORT           CRYP_IRQHandler                
   [WEAK]
  304 00000020                 EXPORT           HASH_RNG_IRQHandler            
   [WEAK]
  305 00000020         
  306 00000020         WWDG_IRQHandler
  307 00000020         PVD_IRQHandler
  308 00000020         TAMP_STAMP_IRQHandler
  309 00000020         RTC_WKUP_IRQHandler
  310 00000020         FLASH_IRQHandler
  311 00000020         RCC_IRQHandler
  312 00000020         EXTI0_IRQHandler
  313 00000020         EXTI1_IRQHandler
  314 00000020         EXTI2_IRQHandler
  315 00000020         EXTI3_IRQHandler
  316 00000020         EXTI4_IRQHandler
  317 00000020         DMA1_Stream0_IRQHandler
  318 00000020         DMA1_Stream1_IRQHandler
  319 00000020         DMA1_Stream2_IRQHandler
  320 00000020         DMA1_Stream3_IRQHandler
  321 00000020         DMA1_Stream4_IRQHandler
  322 00000020         DMA1_Stream5_IRQHandler
  323 00000020         DMA1_Stream6_IRQHandler
  324 00000020         ADC_IRQHandler
  325 00000020         CAN1_TX_IRQHandler
  326 00000020         CAN1_RX0_IRQHandler
  327 00000020         CAN1_RX1_IRQHandler
  328 00000020         CAN1_SCE_IRQHandler
  329 00000020         EXTI9_5_IRQHandler
  330 00000020         TIM1_BRK_TIM9_IRQHandler
  331 00000020         TIM1_UP_TIM10_IRQHandler
  332 00000020         TIM1_TRG_COM_TIM11_IRQHandler
  333 00000020         TIM1_CC_IRQHandler
  334 00000020         TIM2_IRQHandler
  335 00000020         TIM3_IRQHandler
  336 00000020         TIM4_IRQHandler
  337 00000020         I2C1_EV_IRQHandler
  338 00000020         I2C1_ER_IRQHandler
  339 00000020         I2C2_EV_IRQHandler
  340 00000020         I2C2_ER_IRQHandler
  341 00000020         SPI1_IRQHandler
  342 00000020         SPI2_IRQHandler
  343 00000020         USART1_IRQHandler
  344 00000020         USART2_IRQHandler
  345 00000020         USART3_IRQHandler
  346 00000020         EXTI15_10_IRQHandler
  347 00000020         RTC_Alarm_IRQHandler
  348 00000020         OTG_FS_WKUP_IRQHandler
  349 00000020         TIM8_BRK_TIM12_IRQHandler
  350 00000020         TIM8_UP_TIM13_IRQHandler
  351 00000020         TIM8_TRG_COM_TIM14_IRQHandler
  352 00000020         TIM8_CC_IRQHandler
  353 00000020         DMA1_Stream7_IRQHandler



ARM Macro Assembler    Page 13 


  354 00000020         FSMC_IRQHandler
  355 00000020         SDIO_IRQHandler
  356 00000020         TIM5_IRQHandler
  357 00000020         SPI3_IRQHandler
  358 00000020         UART4_IRQHandler
  359 00000020         UART5_IRQHandler
  360 00000020         TIM6_DAC_IRQHandler
  361 00000020         TIM7_IRQHandler
  362 00000020         DMA2_Stream0_IRQHandler
  363 00000020         DMA2_Stream1_IRQHandler
  364 00000020         DMA2_Stream2_IRQHandler
  365 00000020         DMA2_Stream3_IRQHandler
  366 00000020         DMA2_Stream4_IRQHandler
  367 00000020         ETH_IRQHandler
  368 00000020         ETH_WKUP_IRQHandler
  369 00000020         CAN2_TX_IRQHandler
  370 00000020         CAN2_RX0_IRQHandler
  371 00000020         CAN2_RX1_IRQHandler
  372 00000020         CAN2_SCE_IRQHandler
  373 00000020         OTG_FS_IRQHandler
  374 00000020         DMA2_Stream5_IRQHandler
  375 00000020         DMA2_Stream6_IRQHandler
  376 00000020         DMA2_Stream7_IRQHandler
  377 00000020         USART6_IRQHandler
  378 00000020         I2C3_EV_IRQHandler
  379 00000020         I2C3_ER_IRQHandler
  380 00000020         OTG_HS_EP1_OUT_IRQHandler
  381 00000020         OTG_HS_EP1_IN_IRQHandler
  382 00000020         OTG_HS_WKUP_IRQHandler
  383 00000020         OTG_HS_IRQHandler
  384 00000020         DCMI_IRQHandler
  385 00000020         CRYP_IRQHandler
  386 00000020         HASH_RNG_IRQHandler
  387 00000020         
  388 00000020 E7FE            B                .
  389 00000022         
  390 00000022                 ENDP
  391 00000022         
  392 00000022 00 00           ALIGN
  393 00000024         
  394 00000024         ;*******************************************************
                       ************************
  395 00000024         ; User Stack and Heap initialization
  396 00000024         ;*******************************************************
                       ************************
  397 00000024                 IF               :DEF:__MICROLIB
  398 00000024         
  399 00000024                 EXPORT           __initial_sp
  400 00000024                 EXPORT           __heap_base
  401 00000024                 EXPORT           __heap_limit
  402 00000024         
  403 00000024                 ELSE
  418                          ENDIF
  419 00000024         
  420 00000024                 END
              00000000 
              00000000 
Command Line: --debug --xref --cpu=Cortex-M3 --apcs=interwork --depend=.\output
\startup_stm32f2xx.d -o.\output\startup_stm32f2xx.o -ID:\Keil\ARM\RV31\INC -ID:



ARM Macro Assembler    Page 14 


\Keil\ARM\CMSIS\Include -ID:\Keil\ARM\Inc\ST\STM32F2xx --predefine="__MICROLIB 
SETA 1" --list=.\outlist\startup_stm32f2xx.lst App\startup_stm32f2xx.s



ARM Macro Assembler    Page 1 Alphabetic symbol ordering
Relocatable symbols

STACK 00000000

Symbol: STACK
   Definitions
      At line 33 in file App\startup_stm32f2xx.s
   Uses
      None
Comment: STACK unused
Stack_Mem 00000000

Symbol: Stack_Mem
   Definitions
      At line 34 in file App\startup_stm32f2xx.s
   Uses
      None
Comment: Stack_Mem unused
__initial_sp 00007800

Symbol: __initial_sp
   Definitions
      At line 35 in file App\startup_stm32f2xx.s
   Uses
      At line 172 in file App\startup_stm32f2xx.s
      At line 399 in file App\startup_stm32f2xx.s

3 symbols



ARM Macro Assembler    Page 1 Alphabetic symbol ordering
Relocatable symbols

HEAP 00000000

Symbol: HEAP
   Definitions
      At line 45 in file App\startup_stm32f2xx.s
   Uses
      None
Comment: HEAP unused
Heap_Mem 00000000

Symbol: Heap_Mem
   Definitions
      At line 47 in file App\startup_stm32f2xx.s
   Uses
      None
Comment: Heap_Mem unused
__heap_base 00000000

Symbol: __heap_base
   Definitions
      At line 46 in file App\startup_stm32f2xx.s
   Uses
      At line 400 in file App\startup_stm32f2xx.s
Comment: __heap_base used once
__heap_limit 00002800

Symbol: __heap_limit
   Definitions
      At line 48 in file App\startup_stm32f2xx.s
   Uses
      At line 401 in file App\startup_stm32f2xx.s
Comment: __heap_limit used once
4 symbols



ARM Macro Assembler    Page 1 Alphabetic symbol ordering
Relocatable symbols

RESET 00000000

Symbol: RESET
   Definitions
      At line 55 in file App\startup_stm32f2xx.s
   Uses
      None
Comment: RESET unused
__Vectors 00000000

Symbol: __Vectors
   Definitions
      At line 60 in file App\startup_stm32f2xx.s
   Uses
      At line 56 in file App\startup_stm32f2xx.s
      At line 161 in file App\startup_stm32f2xx.s

__Vectors_End 00000184

Symbol: __Vectors_End
   Definitions
      At line 159 in file App\startup_stm32f2xx.s
   Uses
      At line 57 in file App\startup_stm32f2xx.s
      At line 161 in file App\startup_stm32f2xx.s

3 symbols



ARM Macro Assembler    Page 1 Alphabetic symbol ordering
Relocatable symbols

.text 00000000

Symbol: .text
   Definitions
      At line 163 in file App\startup_stm32f2xx.s
   Uses
      None
Comment: .text unused
ADC_IRQHandler 00000020

Symbol: ADC_IRQHandler
   Definitions
      At line 324 in file App\startup_stm32f2xx.s
   Uses
      At line 96 in file App\startup_stm32f2xx.s
      At line 242 in file App\startup_stm32f2xx.s

BusFault_Handler 00000014

Symbol: BusFault_Handler
   Definitions
      At line 195 in file App\startup_stm32f2xx.s
   Uses
      At line 65 in file App\startup_stm32f2xx.s
      At line 196 in file App\startup_stm32f2xx.s

CAN1_RX0_IRQHandler 00000020

Symbol: CAN1_RX0_IRQHandler
   Definitions
      At line 326 in file App\startup_stm32f2xx.s
   Uses
      At line 98 in file App\startup_stm32f2xx.s
      At line 244 in file App\startup_stm32f2xx.s

CAN1_RX1_IRQHandler 00000020

Symbol: CAN1_RX1_IRQHandler
   Definitions
      At line 327 in file App\startup_stm32f2xx.s
   Uses
      At line 99 in file App\startup_stm32f2xx.s
      At line 245 in file App\startup_stm32f2xx.s

CAN1_SCE_IRQHandler 00000020

Symbol: CAN1_SCE_IRQHandler
   Definitions
      At line 328 in file App\startup_stm32f2xx.s
   Uses
      At line 100 in file App\startup_stm32f2xx.s
      At line 246 in file App\startup_stm32f2xx.s

CAN1_TX_IRQHandler 00000020

Symbol: CAN1_TX_IRQHandler
   Definitions
      At line 325 in file App\startup_stm32f2xx.s
   Uses



ARM Macro Assembler    Page 2 Alphabetic symbol ordering
Relocatable symbols

      At line 97 in file App\startup_stm32f2xx.s
      At line 243 in file App\startup_stm32f2xx.s

CAN2_RX0_IRQHandler 00000020

Symbol: CAN2_RX0_IRQHandler
   Definitions
      At line 370 in file App\startup_stm32f2xx.s
   Uses
      At line 142 in file App\startup_stm32f2xx.s
      At line 288 in file App\startup_stm32f2xx.s

CAN2_RX1_IRQHandler 00000020

Symbol: CAN2_RX1_IRQHandler
   Definitions
      At line 371 in file App\startup_stm32f2xx.s
   Uses
      At line 143 in file App\startup_stm32f2xx.s
      At line 289 in file App\startup_stm32f2xx.s

CAN2_SCE_IRQHandler 00000020

Symbol: CAN2_SCE_IRQHandler
   Definitions
      At line 372 in file App\startup_stm32f2xx.s
   Uses
      At line 144 in file App\startup_stm32f2xx.s
      At line 290 in file App\startup_stm32f2xx.s

CAN2_TX_IRQHandler 00000020

Symbol: CAN2_TX_IRQHandler
   Definitions
      At line 369 in file App\startup_stm32f2xx.s
   Uses
      At line 141 in file App\startup_stm32f2xx.s
      At line 287 in file App\startup_stm32f2xx.s

CRYP_IRQHandler 00000020

Symbol: CRYP_IRQHandler
   Definitions
      At line 385 in file App\startup_stm32f2xx.s
   Uses
      At line 157 in file App\startup_stm32f2xx.s
      At line 303 in file App\startup_stm32f2xx.s

DCMI_IRQHandler 00000020

Symbol: DCMI_IRQHandler
   Definitions
      At line 384 in file App\startup_stm32f2xx.s
   Uses
      At line 156 in file App\startup_stm32f2xx.s
      At line 302 in file App\startup_stm32f2xx.s

DMA1_Stream0_IRQHandler 00000020




ARM Macro Assembler    Page 3 Alphabetic symbol ordering
Relocatable symbols

Symbol: DMA1_Stream0_IRQHandler
   Definitions
      At line 317 in file App\startup_stm32f2xx.s
   Uses
      At line 89 in file App\startup_stm32f2xx.s
      At line 235 in file App\startup_stm32f2xx.s

DMA1_Stream1_IRQHandler 00000020

Symbol: DMA1_Stream1_IRQHandler
   Definitions
      At line 318 in file App\startup_stm32f2xx.s
   Uses
      At line 90 in file App\startup_stm32f2xx.s
      At line 236 in file App\startup_stm32f2xx.s

DMA1_Stream2_IRQHandler 00000020

Symbol: DMA1_Stream2_IRQHandler
   Definitions
      At line 319 in file App\startup_stm32f2xx.s
   Uses
      At line 91 in file App\startup_stm32f2xx.s
      At line 237 in file App\startup_stm32f2xx.s

DMA1_Stream3_IRQHandler 00000020

Symbol: DMA1_Stream3_IRQHandler
   Definitions
      At line 320 in file App\startup_stm32f2xx.s
   Uses
      At line 92 in file App\startup_stm32f2xx.s
      At line 238 in file App\startup_stm32f2xx.s

DMA1_Stream4_IRQHandler 00000020

Symbol: DMA1_Stream4_IRQHandler
   Definitions
      At line 321 in file App\startup_stm32f2xx.s
   Uses
      At line 93 in file App\startup_stm32f2xx.s
      At line 239 in file App\startup_stm32f2xx.s

DMA1_Stream5_IRQHandler 00000020

Symbol: DMA1_Stream5_IRQHandler
   Definitions
      At line 322 in file App\startup_stm32f2xx.s
   Uses
      At line 94 in file App\startup_stm32f2xx.s
      At line 240 in file App\startup_stm32f2xx.s

DMA1_Stream6_IRQHandler 00000020

Symbol: DMA1_Stream6_IRQHandler
   Definitions
      At line 323 in file App\startup_stm32f2xx.s
   Uses
      At line 95 in file App\startup_stm32f2xx.s



ARM Macro Assembler    Page 4 Alphabetic symbol ordering
Relocatable symbols

      At line 241 in file App\startup_stm32f2xx.s

DMA1_Stream7_IRQHandler 00000020

Symbol: DMA1_Stream7_IRQHandler
   Definitions
      At line 353 in file App\startup_stm32f2xx.s
   Uses
      At line 125 in file App\startup_stm32f2xx.s
      At line 271 in file App\startup_stm32f2xx.s

DMA2_Stream0_IRQHandler 00000020

Symbol: DMA2_Stream0_IRQHandler
   Definitions
      At line 362 in file App\startup_stm32f2xx.s
   Uses
      At line 134 in file App\startup_stm32f2xx.s
      At line 280 in file App\startup_stm32f2xx.s

DMA2_Stream1_IRQHandler 00000020

Symbol: DMA2_Stream1_IRQHandler
   Definitions
      At line 363 in file App\startup_stm32f2xx.s
   Uses
      At line 135 in file App\startup_stm32f2xx.s
      At line 281 in file App\startup_stm32f2xx.s

DMA2_Stream2_IRQHandler 00000020

Symbol: DMA2_Stream2_IRQHandler
   Definitions
      At line 364 in file App\startup_stm32f2xx.s
   Uses
      At line 136 in file App\startup_stm32f2xx.s
      At line 282 in file App\startup_stm32f2xx.s

DMA2_Stream3_IRQHandler 00000020

Symbol: DMA2_Stream3_IRQHandler
   Definitions
      At line 365 in file App\startup_stm32f2xx.s
   Uses
      At line 137 in file App\startup_stm32f2xx.s
      At line 283 in file App\startup_stm32f2xx.s

DMA2_Stream4_IRQHandler 00000020

Symbol: DMA2_Stream4_IRQHandler
   Definitions
      At line 366 in file App\startup_stm32f2xx.s
   Uses
      At line 138 in file App\startup_stm32f2xx.s
      At line 284 in file App\startup_stm32f2xx.s

DMA2_Stream5_IRQHandler 00000020

Symbol: DMA2_Stream5_IRQHandler



ARM Macro Assembler    Page 5 Alphabetic symbol ordering
Relocatable symbols

   Definitions
      At line 374 in file App\startup_stm32f2xx.s
   Uses
      At line 146 in file App\startup_stm32f2xx.s
      At line 292 in file App\startup_stm32f2xx.s

DMA2_Stream6_IRQHandler 00000020

Symbol: DMA2_Stream6_IRQHandler
   Definitions
      At line 375 in file App\startup_stm32f2xx.s
   Uses
      At line 147 in file App\startup_stm32f2xx.s
      At line 293 in file App\startup_stm32f2xx.s

DMA2_Stream7_IRQHandler 00000020

Symbol: DMA2_Stream7_IRQHandler
   Definitions
      At line 376 in file App\startup_stm32f2xx.s
   Uses
      At line 148 in file App\startup_stm32f2xx.s
      At line 294 in file App\startup_stm32f2xx.s

DebugMon_Handler 0000001A

Symbol: DebugMon_Handler
   Definitions
      At line 209 in file App\startup_stm32f2xx.s
   Uses
      At line 72 in file App\startup_stm32f2xx.s
      At line 210 in file App\startup_stm32f2xx.s

Default_Handler 00000020

Symbol: Default_Handler
   Definitions
      At line 222 in file App\startup_stm32f2xx.s
   Uses
      None
Comment: Default_Handler unused
ETH_IRQHandler 00000020

Symbol: ETH_IRQHandler
   Definitions
      At line 367 in file App\startup_stm32f2xx.s
   Uses
      At line 139 in file App\startup_stm32f2xx.s
      At line 285 in file App\startup_stm32f2xx.s

ETH_WKUP_IRQHandler 00000020

Symbol: ETH_WKUP_IRQHandler
   Definitions
      At line 368 in file App\startup_stm32f2xx.s
   Uses
      At line 140 in file App\startup_stm32f2xx.s
      At line 286 in file App\startup_stm32f2xx.s




ARM Macro Assembler    Page 6 Alphabetic symbol ordering
Relocatable symbols

EXTI0_IRQHandler 00000020

Symbol: EXTI0_IRQHandler
   Definitions
      At line 312 in file App\startup_stm32f2xx.s
   Uses
      At line 84 in file App\startup_stm32f2xx.s
      At line 230 in file App\startup_stm32f2xx.s

EXTI15_10_IRQHandler 00000020

Symbol: EXTI15_10_IRQHandler
   Definitions
      At line 346 in file App\startup_stm32f2xx.s
   Uses
      At line 118 in file App\startup_stm32f2xx.s
      At line 264 in file App\startup_stm32f2xx.s

EXTI1_IRQHandler 00000020

Symbol: EXTI1_IRQHandler
   Definitions
      At line 313 in file App\startup_stm32f2xx.s
   Uses
      At line 85 in file App\startup_stm32f2xx.s
      At line 231 in file App\startup_stm32f2xx.s

EXTI2_IRQHandler 00000020

Symbol: EXTI2_IRQHandler
   Definitions
      At line 314 in file App\startup_stm32f2xx.s
   Uses
      At line 86 in file App\startup_stm32f2xx.s
      At line 232 in file App\startup_stm32f2xx.s

EXTI3_IRQHandler 00000020

Symbol: EXTI3_IRQHandler
   Definitions
      At line 315 in file App\startup_stm32f2xx.s
   Uses
      At line 87 in file App\startup_stm32f2xx.s
      At line 233 in file App\startup_stm32f2xx.s

EXTI4_IRQHandler 00000020

Symbol: EXTI4_IRQHandler
   Definitions
      At line 316 in file App\startup_stm32f2xx.s
   Uses
      At line 88 in file App\startup_stm32f2xx.s
      At line 234 in file App\startup_stm32f2xx.s

EXTI9_5_IRQHandler 00000020

Symbol: EXTI9_5_IRQHandler
   Definitions
      At line 329 in file App\startup_stm32f2xx.s



ARM Macro Assembler    Page 7 Alphabetic symbol ordering
Relocatable symbols

   Uses
      At line 101 in file App\startup_stm32f2xx.s
      At line 247 in file App\startup_stm32f2xx.s

FLASH_IRQHandler 00000020

Symbol: FLASH_IRQHandler
   Definitions
      At line 310 in file App\startup_stm32f2xx.s
   Uses
      At line 82 in file App\startup_stm32f2xx.s
      At line 228 in file App\startup_stm32f2xx.s

FSMC_IRQHandler 00000020

Symbol: FSMC_IRQHandler
   Definitions
      At line 354 in file App\startup_stm32f2xx.s
   Uses
      At line 126 in file App\startup_stm32f2xx.s
      At line 272 in file App\startup_stm32f2xx.s

HASH_RNG_IRQHandler 00000020

Symbol: HASH_RNG_IRQHandler
   Definitions
      At line 386 in file App\startup_stm32f2xx.s
   Uses
      At line 158 in file App\startup_stm32f2xx.s
      At line 304 in file App\startup_stm32f2xx.s

HardFault_Handler 00000010

Symbol: HardFault_Handler
   Definitions
      At line 185 in file App\startup_stm32f2xx.s
   Uses
      At line 63 in file App\startup_stm32f2xx.s
      At line 186 in file App\startup_stm32f2xx.s

I2C1_ER_IRQHandler 00000020

Symbol: I2C1_ER_IRQHandler
   Definitions
      At line 338 in file App\startup_stm32f2xx.s
   Uses
      At line 110 in file App\startup_stm32f2xx.s
      At line 256 in file App\startup_stm32f2xx.s

I2C1_EV_IRQHandler 00000020

Symbol: I2C1_EV_IRQHandler
   Definitions
      At line 337 in file App\startup_stm32f2xx.s
   Uses
      At line 109 in file App\startup_stm32f2xx.s
      At line 255 in file App\startup_stm32f2xx.s

I2C2_ER_IRQHandler 00000020



ARM Macro Assembler    Page 8 Alphabetic symbol ordering
Relocatable symbols


Symbol: I2C2_ER_IRQHandler
   Definitions
      At line 340 in file App\startup_stm32f2xx.s
   Uses
      At line 112 in file App\startup_stm32f2xx.s
      At line 258 in file App\startup_stm32f2xx.s

I2C2_EV_IRQHandler 00000020

Symbol: I2C2_EV_IRQHandler
   Definitions
      At line 339 in file App\startup_stm32f2xx.s
   Uses
      At line 111 in file App\startup_stm32f2xx.s
      At line 257 in file App\startup_stm32f2xx.s

I2C3_ER_IRQHandler 00000020

Symbol: I2C3_ER_IRQHandler
   Definitions
      At line 379 in file App\startup_stm32f2xx.s
   Uses
      At line 151 in file App\startup_stm32f2xx.s
      At line 297 in file App\startup_stm32f2xx.s

I2C3_EV_IRQHandler 00000020

Symbol: I2C3_EV_IRQHandler
   Definitions
      At line 378 in file App\startup_stm32f2xx.s
   Uses
      At line 150 in file App\startup_stm32f2xx.s
      At line 296 in file App\startup_stm32f2xx.s

MemManage_Handler 00000012

Symbol: MemManage_Handler
   Definitions
      At line 190 in file App\startup_stm32f2xx.s
   Uses
      At line 64 in file App\startup_stm32f2xx.s
      At line 191 in file App\startup_stm32f2xx.s

NMI_Handler 0000000E

Symbol: NMI_Handler
   Definitions
      At line 180 in file App\startup_stm32f2xx.s
   Uses
      At line 62 in file App\startup_stm32f2xx.s
      At line 181 in file App\startup_stm32f2xx.s

OTG_FS_IRQHandler 00000020

Symbol: OTG_FS_IRQHandler
   Definitions
      At line 373 in file App\startup_stm32f2xx.s
   Uses



ARM Macro Assembler    Page 9 Alphabetic symbol ordering
Relocatable symbols

      At line 145 in file App\startup_stm32f2xx.s
      At line 291 in file App\startup_stm32f2xx.s

OTG_FS_WKUP_IRQHandler 00000020

Symbol: OTG_FS_WKUP_IRQHandler
   Definitions
      At line 348 in file App\startup_stm32f2xx.s
   Uses
      At line 120 in file App\startup_stm32f2xx.s
      At line 266 in file App\startup_stm32f2xx.s

OTG_HS_EP1_IN_IRQHandler 00000020

Symbol: OTG_HS_EP1_IN_IRQHandler
   Definitions
      At line 381 in file App\startup_stm32f2xx.s
   Uses
      At line 153 in file App\startup_stm32f2xx.s
      At line 299 in file App\startup_stm32f2xx.s

OTG_HS_EP1_OUT_IRQHandler 00000020

Symbol: OTG_HS_EP1_OUT_IRQHandler
   Definitions
      At line 380 in file App\startup_stm32f2xx.s
   Uses
      At line 152 in file App\startup_stm32f2xx.s
      At line 298 in file App\startup_stm32f2xx.s

OTG_HS_IRQHandler 00000020

Symbol: OTG_HS_IRQHandler
   Definitions
      At line 383 in file App\startup_stm32f2xx.s
   Uses
      At line 155 in file App\startup_stm32f2xx.s
      At line 301 in file App\startup_stm32f2xx.s

OTG_HS_WKUP_IRQHandler 00000020

Symbol: OTG_HS_WKUP_IRQHandler
   Definitions
      At line 382 in file App\startup_stm32f2xx.s
   Uses
      At line 154 in file App\startup_stm32f2xx.s
      At line 300 in file App\startup_stm32f2xx.s

PVD_IRQHandler 00000020

Symbol: PVD_IRQHandler
   Definitions
      At line 307 in file App\startup_stm32f2xx.s
   Uses
      At line 79 in file App\startup_stm32f2xx.s
      At line 225 in file App\startup_stm32f2xx.s

PendSV_Handler 0000001C




ARM Macro Assembler    Page 10 Alphabetic symbol ordering
Relocatable symbols

Symbol: PendSV_Handler
   Definitions
      At line 213 in file App\startup_stm32f2xx.s
   Uses
      At line 74 in file App\startup_stm32f2xx.s
      At line 214 in file App\startup_stm32f2xx.s

RCC_IRQHandler 00000020

Symbol: RCC_IRQHandler
   Definitions
      At line 311 in file App\startup_stm32f2xx.s
   Uses
      At line 83 in file App\startup_stm32f2xx.s
      At line 229 in file App\startup_stm32f2xx.s

RTC_Alarm_IRQHandler 00000020

Symbol: RTC_Alarm_IRQHandler
   Definitions
      At line 347 in file App\startup_stm32f2xx.s
   Uses
      At line 119 in file App\startup_stm32f2xx.s
      At line 265 in file App\startup_stm32f2xx.s

RTC_WKUP_IRQHandler 00000020

Symbol: RTC_WKUP_IRQHandler
   Definitions
      At line 309 in file App\startup_stm32f2xx.s
   Uses
      At line 81 in file App\startup_stm32f2xx.s
      At line 227 in file App\startup_stm32f2xx.s

Reset_Handler 00000000

Symbol: Reset_Handler
   Definitions
      At line 166 in file App\startup_stm32f2xx.s
   Uses
      At line 61 in file App\startup_stm32f2xx.s
      At line 167 in file App\startup_stm32f2xx.s

SDIO_IRQHandler 00000020

Symbol: SDIO_IRQHandler
   Definitions
      At line 355 in file App\startup_stm32f2xx.s
   Uses
      At line 127 in file App\startup_stm32f2xx.s
      At line 273 in file App\startup_stm32f2xx.s

SPI1_IRQHandler 00000020

Symbol: SPI1_IRQHandler
   Definitions
      At line 341 in file App\startup_stm32f2xx.s
   Uses
      At line 113 in file App\startup_stm32f2xx.s



ARM Macro Assembler    Page 11 Alphabetic symbol ordering
Relocatable symbols

      At line 259 in file App\startup_stm32f2xx.s

SPI2_IRQHandler 00000020

Symbol: SPI2_IRQHandler
   Definitions
      At line 342 in file App\startup_stm32f2xx.s
   Uses
      At line 114 in file App\startup_stm32f2xx.s
      At line 260 in file App\startup_stm32f2xx.s

SPI3_IRQHandler 00000020

Symbol: SPI3_IRQHandler
   Definitions
      At line 357 in file App\startup_stm32f2xx.s
   Uses
      At line 129 in file App\startup_stm32f2xx.s
      At line 275 in file App\startup_stm32f2xx.s

SVC_Handler 00000018

Symbol: SVC_Handler
   Definitions
      At line 204 in file App\startup_stm32f2xx.s
   Uses
      At line 71 in file App\startup_stm32f2xx.s
      At line 205 in file App\startup_stm32f2xx.s

SysTick_Handler 0000001E

Symbol: SysTick_Handler
   Definitions
      At line 217 in file App\startup_stm32f2xx.s
   Uses
      At line 75 in file App\startup_stm32f2xx.s
      At line 218 in file App\startup_stm32f2xx.s

TAMP_STAMP_IRQHandler 00000020

Symbol: TAMP_STAMP_IRQHandler
   Definitions
      At line 308 in file App\startup_stm32f2xx.s
   Uses
      At line 80 in file App\startup_stm32f2xx.s
      At line 226 in file App\startup_stm32f2xx.s

TIM1_BRK_TIM9_IRQHandler 00000020

Symbol: TIM1_BRK_TIM9_IRQHandler
   Definitions
      At line 330 in file App\startup_stm32f2xx.s
   Uses
      At line 102 in file App\startup_stm32f2xx.s
      At line 248 in file App\startup_stm32f2xx.s

TIM1_CC_IRQHandler 00000020

Symbol: TIM1_CC_IRQHandler



ARM Macro Assembler    Page 12 Alphabetic symbol ordering
Relocatable symbols

   Definitions
      At line 333 in file App\startup_stm32f2xx.s
   Uses
      At line 105 in file App\startup_stm32f2xx.s
      At line 251 in file App\startup_stm32f2xx.s

TIM1_TRG_COM_TIM11_IRQHandler 00000020

Symbol: TIM1_TRG_COM_TIM11_IRQHandler
   Definitions
      At line 332 in file App\startup_stm32f2xx.s
   Uses
      At line 104 in file App\startup_stm32f2xx.s
      At line 250 in file App\startup_stm32f2xx.s

TIM1_UP_TIM10_IRQHandler 00000020

Symbol: TIM1_UP_TIM10_IRQHandler
   Definitions
      At line 331 in file App\startup_stm32f2xx.s
   Uses
      At line 103 in file App\startup_stm32f2xx.s
      At line 249 in file App\startup_stm32f2xx.s

TIM2_IRQHandler 00000020

Symbol: TIM2_IRQHandler
   Definitions
      At line 334 in file App\startup_stm32f2xx.s
   Uses
      At line 106 in file App\startup_stm32f2xx.s
      At line 252 in file App\startup_stm32f2xx.s

TIM3_IRQHandler 00000020

Symbol: TIM3_IRQHandler
   Definitions
      At line 335 in file App\startup_stm32f2xx.s
   Uses
      At line 107 in file App\startup_stm32f2xx.s
      At line 253 in file App\startup_stm32f2xx.s

TIM4_IRQHandler 00000020

Symbol: TIM4_IRQHandler
   Definitions
      At line 336 in file App\startup_stm32f2xx.s
   Uses
      At line 108 in file App\startup_stm32f2xx.s
      At line 254 in file App\startup_stm32f2xx.s

TIM5_IRQHandler 00000020

Symbol: TIM5_IRQHandler
   Definitions
      At line 356 in file App\startup_stm32f2xx.s
   Uses
      At line 128 in file App\startup_stm32f2xx.s
      At line 274 in file App\startup_stm32f2xx.s



ARM Macro Assembler    Page 13 Alphabetic symbol ordering
Relocatable symbols


TIM6_DAC_IRQHandler 00000020

Symbol: TIM6_DAC_IRQHandler
   Definitions
      At line 360 in file App\startup_stm32f2xx.s
   Uses
      At line 132 in file App\startup_stm32f2xx.s
      At line 278 in file App\startup_stm32f2xx.s

TIM7_IRQHandler 00000020

Symbol: TIM7_IRQHandler
   Definitions
      At line 361 in file App\startup_stm32f2xx.s
   Uses
      At line 133 in file App\startup_stm32f2xx.s
      At line 279 in file App\startup_stm32f2xx.s

TIM8_BRK_TIM12_IRQHandler 00000020

Symbol: TIM8_BRK_TIM12_IRQHandler
   Definitions
      At line 349 in file App\startup_stm32f2xx.s
   Uses
      At line 121 in file App\startup_stm32f2xx.s
      At line 267 in file App\startup_stm32f2xx.s

TIM8_CC_IRQHandler 00000020

Symbol: TIM8_CC_IRQHandler
   Definitions
      At line 352 in file App\startup_stm32f2xx.s
   Uses
      At line 124 in file App\startup_stm32f2xx.s
      At line 270 in file App\startup_stm32f2xx.s

TIM8_TRG_COM_TIM14_IRQHandler 00000020

Symbol: TIM8_TRG_COM_TIM14_IRQHandler
   Definitions
      At line 351 in file App\startup_stm32f2xx.s
   Uses
      At line 123 in file App\startup_stm32f2xx.s
      At line 269 in file App\startup_stm32f2xx.s

TIM8_UP_TIM13_IRQHandler 00000020

Symbol: TIM8_UP_TIM13_IRQHandler
   Definitions
      At line 350 in file App\startup_stm32f2xx.s
   Uses
      At line 122 in file App\startup_stm32f2xx.s
      At line 268 in file App\startup_stm32f2xx.s

UART4_IRQHandler 00000020

Symbol: UART4_IRQHandler
   Definitions



ARM Macro Assembler    Page 14 Alphabetic symbol ordering
Relocatable symbols

      At line 358 in file App\startup_stm32f2xx.s
   Uses
      At line 130 in file App\startup_stm32f2xx.s
      At line 276 in file App\startup_stm32f2xx.s

UART5_IRQHandler 00000020

Symbol: UART5_IRQHandler
   Definitions
      At line 359 in file App\startup_stm32f2xx.s
   Uses
      At line 131 in file App\startup_stm32f2xx.s
      At line 277 in file App\startup_stm32f2xx.s

USART1_IRQHandler 00000020

Symbol: USART1_IRQHandler
   Definitions
      At line 343 in file App\startup_stm32f2xx.s
   Uses
      At line 115 in file App\startup_stm32f2xx.s
      At line 261 in file App\startup_stm32f2xx.s

USART2_IRQHandler 00000020

Symbol: USART2_IRQHandler
   Definitions
      At line 344 in file App\startup_stm32f2xx.s
   Uses
      At line 116 in file App\startup_stm32f2xx.s
      At line 262 in file App\startup_stm32f2xx.s

USART3_IRQHandler 00000020

Symbol: USART3_IRQHandler
   Definitions
      At line 345 in file App\startup_stm32f2xx.s
   Uses
      At line 117 in file App\startup_stm32f2xx.s
      At line 263 in file App\startup_stm32f2xx.s

USART6_IRQHandler 00000020

Symbol: USART6_IRQHandler
   Definitions
      At line 377 in file App\startup_stm32f2xx.s
   Uses
      At line 149 in file App\startup_stm32f2xx.s
      At line 295 in file App\startup_stm32f2xx.s

UsageFault_Handler 00000016

Symbol: UsageFault_Handler
   Definitions
      At line 200 in file App\startup_stm32f2xx.s
   Uses
      At line 66 in file App\startup_stm32f2xx.s
      At line 201 in file App\startup_stm32f2xx.s




ARM Macro Assembler    Page 15 Alphabetic symbol ordering
Relocatable symbols

WWDG_IRQHandler 00000020

Symbol: WWDG_IRQHandler
   Definitions
      At line 306 in file App\startup_stm32f2xx.s
   Uses
      At line 78 in file App\startup_stm32f2xx.s
      At line 224 in file App\startup_stm32f2xx.s

93 symbols



ARM Macro Assembler    Page 1 Alphabetic symbol ordering
Absolute symbols

Heap_Size 00002800

Symbol: Heap_Size
   Definitions
      At line 43 in file App\startup_stm32f2xx.s
   Uses
      At line 47 in file App\startup_stm32f2xx.s
Comment: Heap_Size used once
Stack_Size 00007800

Symbol: Stack_Size
   Definitions
      At line 31 in file App\startup_stm32f2xx.s
   Uses
      At line 34 in file App\startup_stm32f2xx.s
Comment: Stack_Size used once
__Vectors_Size 00000184

Symbol: __Vectors_Size
   Definitions
      At line 161 in file App\startup_stm32f2xx.s
   Uses
      At line 58 in file App\startup_stm32f2xx.s
Comment: __Vectors_Size used once
__initial_spTop 20000400

Symbol: __initial_spTop
   Definitions
      At line 37 in file App\startup_stm32f2xx.s
   Uses
      At line 60 in file App\startup_stm32f2xx.s
Comment: __initial_spTop used once
4 symbols



ARM Macro Assembler    Page 1 Alphabetic symbol ordering
External symbols

SystemInit 00000000

Symbol: SystemInit
   Definitions
      At line 168 in file App\startup_stm32f2xx.s
   Uses
      None
Comment: SystemInit unused
__main 00000000

Symbol: __main
   Definitions
      At line 169 in file App\startup_stm32f2xx.s
   Uses
      At line 170 in file App\startup_stm32f2xx.s
      At line 174 in file App\startup_stm32f2xx.s

2 symbols
442 symbols in table
